<?xml version="1.0" encoding="UTF-8"?>
<!-- Generated by org.testng.reporters.JUnitXMLReporter -->
<testsuite hostname="ideapad" name="DoctorInfoTest" tests="3" failures="2" timestamp="27 Jul 2016 20:13:57 GMT" time="0.495" errors="0">
  <testcase name="retrieveDoctorInfoUsingInvalidInput" time="0.419" classname="com.doctorDetails.DoctorDashboardTest"/>
  <testcase name="retrieveDoctorInfoUsingName" time="0.021" classname="com.doctorDetails.DoctorDashboardTest">
    <failure type="java.lang.NullPointerException">
      <![CDATA[java.lang.NullPointerException
	at com.doctorDetails.DoctorDashboardTest.retrieveDoctorInfoUsingName(DoctorDashboardTest.java:40)
... Removed 24 stack frames]]>
    </failure>
  </testcase> <!-- retrieveDoctorInfoUsingName -->
  <testcase name="retrieveDoctorInfoUsingValidInput" time="0.018" classname="com.doctorDetails.DoctorDashboardTest">
    <failure type="java.lang.NullPointerException">
      <![CDATA[java.lang.NullPointerException
	at com.doctorDetails.DoctorDashboardTest.retrieveDoctorInfoUsingValidInput(DoctorDashboardTest.java:19)
... Removed 24 stack frames]]>
    </failure>
  </testcase> <!-- retrieveDoctorInfoUsingValidInput -->
</testsuite> <!-- DoctorInfoTest -->
